Error: multiple output @typescript-eslint/consistent-type-assertions ESLint rule options were generated, but tslint-to-eslint-config doesn't have "merger" logic to deal with this.
Please file an issue at https://github.com/typescript-eslint/tslint-to-eslint-config/issues/new?template=missing_merger.md 🙏

Could not resolve ESLint extension 'eslint-plugin-airbnb-base'.: Error: Cannot find module '/home/vince/LOKI/session/eslint-plugin-airbnb-base'
    at Function.Module._resolveFilename (internal/modules/cjs/loader.js:580:15)
    at Function.Module._load (internal/modules/cjs/loader.js:506:25)
    at Module.require (internal/modules/cjs/loader.js:636:17)
    at require (internal/modules/cjs/helpers.js:20:18)
    at Promise.resolve.then (/usr/local/lib/node_modules/tslint-to-eslint-config/src/adapters/nativeImporter.js:21:64)
    at process._tickCallback (internal/process/next_tick.js:68:7)


Could not resolve ESLint extension 'eslint-plugin-prettier'.: Error: Cannot find module '/home/vince/LOKI/session/eslint-plugin-prettier'
    at Function.Module._resolveFilename (internal/modules/cjs/loader.js:580:15)
    at Function.Module._load (internal/modules/cjs/loader.js:506:25)
    at Module.require (internal/modules/cjs/loader.js:636:17)
    at require (internal/modules/cjs/helpers.js:20:18)
    at Promise.resolve.then (/usr/local/lib/node_modules/tslint-to-eslint-config/src/adapters/nativeImporter.js:21:64)
    at process._tickCallback (internal/process/next_tick.js:68:7)


[33mtslint-to-eslint-config does not know the ESLint equivalent for TSLint's "chai-prefer-contains-to-index-of"[39m
[33mtslint-to-eslint-config does not know the ESLint equivalent for TSLint's "chai-vague-errors"[39m
[33mtslint-to-eslint-config does not know the ESLint equivalent for TSLint's "encoding"[39m
[33mtslint-to-eslint-config does not know the ESLint equivalent for TSLint's "function-name"[39m
[33mtslint-to-eslint-config does not know the ESLint equivalent for TSLint's "informative-docs"[39m
[33mtslint-to-eslint-config does not know the ESLint equivalent for TSLint's "insecure-random"[39m
[33mtslint-to-eslint-config does not know the ESLint equivalent for TSLint's "jquery-deferred-must-complete"[39m
[33mtslint-to-eslint-config does not know the ESLint equivalent for TSLint's "jsdoc-format"[39m
[33mtslint-to-eslint-config does not know the ESLint equivalent for TSLint's "jsx-alignment"[39m
[33mtslint-to-eslint-config does not know the ESLint equivalent for TSLint's "jsx-boolean-value"[39m
[33mtslint-to-eslint-config does not know the ESLint equivalent for TSLint's "jsx-curly-spacing"[39m
[33mtslint-to-eslint-config does not know the ESLint equivalent for TSLint's "jsx-equals-spacing"[39m
[33mtslint-to-eslint-config does not know the ESLint equivalent for TSLint's "jsx-key"[39m
[33mtslint-to-eslint-config does not know the ESLint equivalent for TSLint's "jsx-no-bind"[39m
[33mtslint-to-eslint-config does not know the ESLint equivalent for TSLint's "jsx-no-string-ref"[39m
[33mtslint-to-eslint-config does not know the ESLint equivalent for TSLint's "jsx-self-close"[39m
[33mtslint-to-eslint-config does not know the ESLint equivalent for TSLint's "jsx-wrap-multiline"[39m
[33mtslint-to-eslint-config does not know the ESLint equivalent for TSLint's "match-default-export-name"[39m
[33mtslint-to-eslint-config does not know the ESLint equivalent for TSLint's "max-func-body-length"[39m
[33mtslint-to-eslint-config does not know the ESLint equivalent for TSLint's "mocha-avoid-only"[39m
[33mtslint-to-eslint-config does not know the ESLint equivalent for TSLint's "mocha-unneeded-done"[39m
[33mtslint-to-eslint-config does not know the ESLint equivalent for TSLint's "no-backbone-get-set-outside-model"[39m
[33mtslint-to-eslint-config does not know the ESLint equivalent for TSLint's "no-cookies"[39m
[33mtslint-to-eslint-config does not know the ESLint equivalent for TSLint's "no-delete-expression"[39m
[33mtslint-to-eslint-config does not know the ESLint equivalent for TSLint's "no-disable-auto-sanitization"[39m
[33mtslint-to-eslint-config does not know the ESLint equivalent for TSLint's "no-document-domain"[39m
[33mtslint-to-eslint-config does not know the ESLint equivalent for TSLint's "no-document-write"[39m
[33mtslint-to-eslint-config does not know the ESLint equivalent for TSLint's "no-dynamic-delete"[39m
[33mtslint-to-eslint-config does not know the ESLint equivalent for TSLint's "no-exec-script"[39m
[33mtslint-to-eslint-config does not know the ESLint equivalent for TSLint's "no-function-constructor-with-string-args"[39m
[33mtslint-to-eslint-config does not know the ESLint equivalent for TSLint's "no-function-expression"[39m
[33mtslint-to-eslint-config does not know the ESLint equivalent for TSLint's "no-http-string"[39m
[33mtslint-to-eslint-config does not know the ESLint equivalent for TSLint's "no-inner-html"[39m
[33mtslint-to-eslint-config does not know the ESLint equivalent for TSLint's "no-jquery-raw-elements"[39m
[33mtslint-to-eslint-config does not know the ESLint equivalent for TSLint's "no-reference-import"[39m
[33mtslint-to-eslint-config does not know the ESLint equivalent for TSLint's "no-string-based-set-immediate"[39m
[33mtslint-to-eslint-config does not know the ESLint equivalent for TSLint's "no-string-based-set-interval"[39m
[33mtslint-to-eslint-config does not know the ESLint equivalent for TSLint's "no-string-based-set-timeout"[39m
[33mtslint-to-eslint-config does not know the ESLint equivalent for TSLint's "no-typeof-undefined"[39m
[33mtslint-to-eslint-config does not know the ESLint equivalent for TSLint's "no-unnecessary-bind"[39m
[33mtslint-to-eslint-config does not know the ESLint equivalent for TSLint's "no-unnecessary-callback-wrapper"[39m
[33mtslint-to-eslint-config does not know the ESLint equivalent for TSLint's "no-unnecessary-field-initialization"[39m
[33mtslint-to-eslint-config does not know the ESLint equivalent for TSLint's "no-unnecessary-local-variable"[39m
[33mtslint-to-eslint-config does not know the ESLint equivalent for TSLint's "no-unnecessary-override"[39m
[33mtslint-to-eslint-config does not know the ESLint equivalent for TSLint's "no-unsupported-browser-code"[39m
[33mtslint-to-eslint-config does not know the ESLint equivalent for TSLint's "no-useless-files"[39m
[33mtslint-to-eslint-config does not know the ESLint equivalent for TSLint's "no-with-statement"[39m
[33mtslint-to-eslint-config does not know the ESLint equivalent for TSLint's "non-literal-fs-path"[39m
[33mtslint-to-eslint-config does not know the ESLint equivalent for TSLint's "non-literal-require"[39m
[33mtslint-to-eslint-config does not know the ESLint equivalent for TSLint's "number-literal-format"[39m
[33mtslint-to-eslint-config does not know the ESLint equivalent for TSLint's "one-line"[39m
[33mtslint-to-eslint-config does not know the ESLint equivalent for TSLint's "prefer-while"[39m
[33mtslint-to-eslint-config does not know the ESLint equivalent for TSLint's "promise-must-complete"[39m
[33mtslint-to-eslint-config does not know the ESLint equivalent for TSLint's "react-a11y-anchors"[39m
[33mtslint-to-eslint-config does not know the ESLint equivalent for TSLint's "react-a11y-aria-unsupported-elements"[39m
[33mtslint-to-eslint-config does not know the ESLint equivalent for TSLint's "react-a11y-event-has-role"[39m
[33mtslint-to-eslint-config does not know the ESLint equivalent for TSLint's "react-a11y-image-button-has-alt"[39m
[33mtslint-to-eslint-config does not know the ESLint equivalent for TSLint's "react-a11y-img-has-alt"[39m
[33mtslint-to-eslint-config does not know the ESLint equivalent for TSLint's "react-a11y-input-elements"[39m
[33mtslint-to-eslint-config does not know the ESLint equivalent for TSLint's "react-a11y-lang"[39m
[33mtslint-to-eslint-config does not know the ESLint equivalent for TSLint's "react-a11y-meta"[39m
[33mtslint-to-eslint-config does not know the ESLint equivalent for TSLint's "react-a11y-no-onchange"[39m
[33mtslint-to-eslint-config does not know the ESLint equivalent for TSLint's "react-a11y-props"[39m
[33mtslint-to-eslint-config does not know the ESLint equivalent for TSLint's "react-a11y-proptypes"[39m
[33mtslint-to-eslint-config does not know the ESLint equivalent for TSLint's "react-a11y-required"[39m
[33mtslint-to-eslint-config does not know the ESLint equivalent for TSLint's "react-a11y-role"[39m
[33mtslint-to-eslint-config does not know the ESLint equivalent for TSLint's "react-a11y-role-has-required-aria-props"[39m
[33mtslint-to-eslint-config does not know the ESLint equivalent for TSLint's "react-a11y-role-supports-aria-props"[39m
[33mtslint-to-eslint-config does not know the ESLint equivalent for TSLint's "react-a11y-tabindex-no-positive"[39m
[33mtslint-to-eslint-config does not know the ESLint equivalent for TSLint's "react-a11y-titles"[39m
[33mtslint-to-eslint-config does not know the ESLint equivalent for TSLint's "react-anchor-blank-noopener"[39m
[33mtslint-to-eslint-config does not know the ESLint equivalent for TSLint's "react-iframe-missing-sandbox"[39m
[33mtslint-to-eslint-config does not know the ESLint equivalent for TSLint's "react-no-dangerous-html"[39m
[33mtslint-to-eslint-config does not know the ESLint equivalent for TSLint's "react-unused-props-and-state"[39m
[33mtslint-to-eslint-config does not know the ESLint equivalent for TSLint's "switch-final-break"[39m
[33mtslint-to-eslint-config does not know the ESLint equivalent for TSLint's "underscore-consistent-invocation"[39m
[33mtslint-to-eslint-config does not know the ESLint equivalent for TSLint's "use-named-parameter"[39m
[33mtslint-to-eslint-config does not know the ESLint equivalent for TSLint's "use-simple-attributes"[39m
[33mtslint-to-eslint-config does not know the ESLint equivalent for TSLint's "whitespace"[39m
[33m[39m